<?xml version="1.0" encoding="UTF-8"?>
<testng-results skipped="0" failed="0" ignored="0" total="1" passed="1">
  <reporter-output>
  </reporter-output>
  <suite name="Default suite" duration-ms="126334" started-at="2021-05-19T07:10:08Z" finished-at="2021-05-19T07:12:14Z">
    <groups>
    </groups>
    <test name="Default test" duration-ms="126334" started-at="2021-05-19T07:10:08Z" finished-at="2021-05-19T07:12:14Z">
      <class name="org.com.ObjectMainMobile.MobileTestMainClass">
        <test-method status="PASS" signature="before(org.testng.ITestContext)[pri:0, instance:org.com.ObjectMainMobile.MobileTestMainClass@435fb7b5]" name="before" is-config="true" duration-ms="206" started-at="2021-05-19T07:10:08Z" finished-at="2021-05-19T07:10:08Z">
          <params>
            <param index="0">
              <value>
                <![CDATA[org.testng.TestRunner@17d2b075]]>
              </value>
            </param>
          </params>
          <reporter-output>
          </reporter-output>
        </test-method> <!-- before -->
        <test-method status="PASS" signature="beforeTest()[pri:0, instance:org.com.ObjectMainMobile.MobileTestMainClass@435fb7b5]" name="beforeTest" is-config="true" duration-ms="0" started-at="2021-05-19T07:10:08Z" finished-at="2021-05-19T07:10:08Z">
          <reporter-output>
          </reporter-output>
        </test-method> <!-- beforeTest -->
        <test-method status="PASS" signature="runTest1()[pri:0, instance:org.com.ObjectMainMobile.MobileTestMainClass@435fb7b5]" name="runTest1" duration-ms="126297" started-at="2021-05-19T07:10:08Z" finished-at="2021-05-19T07:12:14Z">
          <reporter-output>
          </reporter-output>
        </test-method> <!-- runTest1 -->
        <test-method status="PASS" signature="afterMethod(org.testng.ITestResult)[pri:0, instance:org.com.ObjectMainMobile.MobileTestMainClass@435fb7b5]" name="afterMethod" is-config="true" duration-ms="1" started-at="2021-05-19T07:12:14Z" finished-at="2021-05-19T07:12:14Z">
          <params>
            <param index="0">
              <value>
                <![CDATA[[TestResult name=runTest1 status=SUCCESS method=MobileTestMainClass.runTest1()[pri:0, instance:org.com.ObjectMainMobile.MobileTestMainClass@435fb7b5] output={null}]]]>
              </value>
            </param>
          </params>
          <reporter-output>
          </reporter-output>
        </test-method> <!-- afterMethod -->
        <test-method status="PASS" signature="afterSuite()[pri:0, instance:org.com.ObjectMainMobile.MobileTestMainClass@435fb7b5]" name="afterSuite" is-config="true" duration-ms="4627" started-at="2021-05-19T07:12:15Z" finished-at="2021-05-19T07:12:19Z">
          <reporter-output>
          </reporter-output>
        </test-method> <!-- afterSuite -->
      </class> <!-- org.com.ObjectMainMobile.MobileTestMainClass -->
    </test> <!-- Default test -->
  </suite> <!-- Default suite -->
</testng-results>
