<?xml version="1.0" encoding="UTF-8"?>
<testng-results skipped="0" failed="0" total="2" passed="2">
  <reporter-output>
  </reporter-output>
  <suite name="TestingFrameWork" duration-ms="48337" started-at="2019-05-04T13:14:33Z" finished-at="2019-05-04T13:15:21Z">
    <groups>
    </groups>
    <test name="Testing" duration-ms="48337" started-at="2019-05-04T13:14:33Z" finished-at="2019-05-04T13:15:21Z">
      <class name="org.com.ObjectMainMobile.MobileTestMainClass">
        <test-method status="PASS" signature="before(org.testng.ITestContext)[pri:0, instance:org.com.ObjectMainMobile.MobileTestMainClass@66d33a]" name="before" is-config="true" duration-ms="147" started-at="2019-05-04T09:14:33Z" finished-at="2019-05-04T09:14:33Z">
          <params>
            <param index="0">
              <value>
                <![CDATA[org.testng.TestRunner@67d18ed7]]>
              </value>
            </param>
          </params>
          <reporter-output>
          </reporter-output>
        </test-method> <!-- before -->
        <test-method status="PASS" signature="beforeTest()[pri:0, instance:org.com.ObjectMainMobile.MobileTestMainClass@66d33a]" name="beforeTest" is-config="true" duration-ms="0" started-at="2019-05-04T09:14:33Z" finished-at="2019-05-04T09:14:33Z">
          <reporter-output>
          </reporter-output>
        </test-method> <!-- beforeTest -->
        <test-method status="PASS" signature="runTest1()[pri:0, instance:org.com.ObjectMainMobile.MobileTestMainClass@66d33a]" name="runTest1" duration-ms="37602" started-at="2019-05-04T09:14:33Z" finished-at="2019-05-04T09:15:10Z">
          <reporter-output>
          </reporter-output>
        </test-method> <!-- runTest1 -->
        <test-method status="PASS" signature="afterMethod(org.testng.ITestResult)[pri:0, instance:org.com.ObjectMainMobile.MobileTestMainClass@66d33a]" name="afterMethod" is-config="true" duration-ms="1" started-at="2019-05-04T09:15:10Z" finished-at="2019-05-04T09:15:10Z">
          <params>
            <param index="0">
              <value>
                <![CDATA[[TestResult name=runTest1 status=SUCCESS method=MobileTestMainClass.runTest1()[pri:0, instance:org.com.ObjectMainMobile.MobileTestMainClass@66d33a] output={null}]]]>
              </value>
            </param>
          </params>
          <reporter-output>
          </reporter-output>
        </test-method> <!-- afterMethod -->
        <test-method status="PASS" signature="beforeTest()[pri:0, instance:org.com.ObjectMainMobile.MobileTestMainClass@66d33a]" name="beforeTest" is-config="true" duration-ms="1" started-at="2019-05-04T09:15:10Z" finished-at="2019-05-04T09:15:10Z">
          <reporter-output>
          </reporter-output>
        </test-method> <!-- beforeTest -->
        <test-method status="PASS" signature="runTest2()[pri:1, instance:org.com.ObjectMainMobile.MobileTestMainClass@66d33a]" name="runTest2" duration-ms="10717" started-at="2019-05-04T09:15:10Z" finished-at="2019-05-04T09:15:21Z">
          <reporter-output>
          </reporter-output>
        </test-method> <!-- runTest2 -->
        <test-method status="PASS" signature="afterMethod(org.testng.ITestResult)[pri:0, instance:org.com.ObjectMainMobile.MobileTestMainClass@66d33a]" name="afterMethod" is-config="true" duration-ms="0" started-at="2019-05-04T09:15:21Z" finished-at="2019-05-04T09:15:21Z">
          <params>
            <param index="0">
              <value>
                <![CDATA[[TestResult name=runTest2 status=SUCCESS method=MobileTestMainClass.runTest2()[pri:1, instance:org.com.ObjectMainMobile.MobileTestMainClass@66d33a] output={null}]]]>
              </value>
            </param>
          </params>
          <reporter-output>
          </reporter-output>
        </test-method> <!-- afterMethod -->
        <test-method status="PASS" signature="afterSuite()[pri:0, instance:org.com.ObjectMainMobile.MobileTestMainClass@66d33a]" name="afterSuite" is-config="true" duration-ms="1003" started-at="2019-05-04T09:15:21Z" finished-at="2019-05-04T09:15:22Z">
          <reporter-output>
          </reporter-output>
        </test-method> <!-- afterSuite -->
      </class> <!-- org.com.ObjectMainMobile.MobileTestMainClass -->
    </test> <!-- Testing -->
  </suite> <!-- TestingFrameWork -->
</testng-results>
